<?xml version="1.0" encoding="UTF-8"?>
<testsuite xmlns:xsi="http://www.w3.org/2001/XMLSchema-instance" xsi:noNamespaceSchemaLocation="https://maven.apache.org/surefire/maven-surefire-plugin/xsd/surefire-test-report.xsd" name="TestSuite" time="1.905" tests="3" errors="0" skipped="0" failures="3">
  <properties>
[...]
</properties>
  <testcase name="testCase on testCase(selenium_test2.new_selenium_test.ChromeTest)" classname="selenium_test2.new_selenium_test.ChromeTest" time="0.01">
    <failure message="Cannot invoke &quot;org.openqa.selenium.WebDriver.navigate()&quot; because &quot;this.driver&quot; is null" type="java.lang.NullPointerException">java.lang.NullPointerException: Cannot invoke "org.openqa.selenium.WebDriver.navigate()" because "this.driver" is null
	at selenium_test2.new_selenium_test.ChromeTest.testCase(ChromeTest.java:34)
</failure>
  </testcase>
  <testcase name="buildTestEdge on buildTestEdge(selenium_test2.new_selenium_test.EdgeTest)" classname="selenium_test2.new_selenium_test.EdgeTest" time="0.723">
    <failure message="Could not start a new session. Possible causes are invalid address of the remote server or browser start-up failure.&#10;Build info: version: &apos;3.141.59&apos;, revision: &apos;e82be7d358&apos;, time: &apos;2018-11-14T08:17:03&apos;&#10;System info: host: &apos;SWO059169593957&apos;, ip: &apos;192.168.68.53&apos;, os.name: &apos;Windows 10&apos;, os.arch: &apos;amd64&apos;, os.version: &apos;10.0&apos;, java.version: &apos;17.0.6&apos;&#10;Driver info: driver.version: RemoteWebDriver" type="org.openqa.selenium.remote.UnreachableBrowserException">org.openqa.selenium.remote.UnreachableBrowserException: 
Could not start a new session. Possible causes are invalid address of the remote server or browser start-up failure.
Build info: version: '3.141.59', revision: 'e82be7d358', time: '2018-11-14T08:17:03'
System info: host: 'SWO059169593957', ip: '192.168.68.53', os.name: 'Windows 10', os.arch: 'amd64', os.version: '10.0', java.version: '17.0.6'
Driver info: driver.version: RemoteWebDriver
	at selenium_test2.new_selenium_test.EdgeTest.buildTestEdge(EdgeTest.java:28)
Caused by: java.net.ConnectException: Failed to connect to localhost/[0:0:0:0:0:0:0:1]:4444
	at selenium_test2.new_selenium_test.EdgeTest.buildTestEdge(EdgeTest.java:28)
Caused by: java.net.ConnectException: Connection refused: no further information
	at selenium_test2.new_selenium_test.EdgeTest.buildTestEdge(EdgeTest.java:28)
</failure>
  </testcase>
  <testcase name="buildTestFireFox on buildTestFireFox(selenium_test2.new_selenium_test.FirefoxTest)" classname="selenium_test2.new_selenium_test.FirefoxTest" time="0.026">
    <failure message="Could not start a new session. Possible causes are invalid address of the remote server or browser start-up failure.&#10;Build info: version: &apos;3.141.59&apos;, revision: &apos;e82be7d358&apos;, time: &apos;2018-11-14T08:17:03&apos;&#10;System info: host: &apos;SWO059169593957&apos;, ip: &apos;192.168.68.53&apos;, os.name: &apos;Windows 10&apos;, os.arch: &apos;amd64&apos;, os.version: &apos;10.0&apos;, java.version: &apos;17.0.6&apos;&#10;Driver info: driver.version: RemoteWebDriver" type="org.openqa.selenium.remote.UnreachableBrowserException">org.openqa.selenium.remote.UnreachableBrowserException: 
Could not start a new session. Possible causes are invalid address of the remote server or browser start-up failure.
Build info: version: '3.141.59', revision: 'e82be7d358', time: '2018-11-14T08:17:03'
System info: host: 'SWO059169593957', ip: '192.168.68.53', os.name: 'Windows 10', os.arch: 'amd64', os.version: '10.0', java.version: '17.0.6'
Driver info: driver.version: RemoteWebDriver
	at selenium_test2.new_selenium_test.FirefoxTest.buildTestFireFox(FirefoxTest.java:28)
Caused by: java.net.ConnectException: Failed to connect to localhost/[0:0:0:0:0:0:0:1]:4444
	at selenium_test2.new_selenium_test.FirefoxTest.buildTestFireFox(FirefoxTest.java:28)
Caused by: java.net.ConnectException: Connection refused: no further information
	at selenium_test2.new_selenium_test.FirefoxTest.buildTestFireFox(FirefoxTest.java:28)
</failure>
  </testcase>
</testsuite>